/*C9*/SET SCHEMA PUBLIC
CREATE TABLE IF NOT EXISTS AL_CONFIGURATION ( PROPERTY_NAME VARCHAR(255) NOT NULL UNIQUE , PROPERTY_VALUE LONGVARCHAR ) 
CREATE TABLE IF NOT EXISTS AL_GROUPS ( GROUP_NAME VARCHAR(255) NOT NULL PRIMARY KEY , DESCRIPTION LONGVARCHAR ) 
CREATE TABLE IF NOT EXISTS AL_TABLES ( TABLE_NAME VARCHAR(255) NOT NULL PRIMARY KEY , GROUP_NAME VARCHAR(255) , DESCRIPTION LONGVARCHAR ) 
CREATE TABLE IF NOT EXISTS AL_CUSTOM_TYPE ( TABLE_NAME VARCHAR(255) , COLUMN_NAME VARCHAR(255) , TYPE VARCHAR(255) , NAME VARCHAR(255) ) 
CREATE TABLE IF NOT EXISTS AL_VIEWS ( VIEW_NAME VARCHAR(255) NOT NULL UNIQUE , VIEW_DEFINITION LONGVARCHAR , IS_VALID BOOLEAN ) 
CREATE TABLE IF NOT EXISTS AL_SELECTED_LOG_OBJECTS ( NAME VARCHAR(255) NOT NULL UNIQUE , TYPE VARCHAR(255) ) 
CREATE TABLE IF NOT EXISTS AL_DB_OBJECTS ( NAME VARCHAR(255) NOT NULL UNIQUE , TYPE VARCHAR(255) , USAGE VARCHAR(255) ) 
DISCONNECT
/*C10*/SET SCHEMA PUBLIC
DROP TABLE shop_products CASCADE 
DELETE FROM AL_TABLES WHERE TABLE_NAME='shop_products'
COMMIT
CREATE TABLE shop_products ( al_id INT IDENTITY , id INTEGER NULL , available INTEGER NULL , maximum INTEGER NULL , point_of_sale LONGVARCHAR NULL ) 
INSERT INTO AL_TABLES VALUES('shop_products',NULL,'')
COMMIT
/*C11*/SET SCHEMA PUBLIC
INSERT INTO SHOP_PRODUCTS VALUES(0,1,150,150,'\u0412\u044b\u0445\u0438\u043d\u043e')
INSERT INTO SHOP_PRODUCTS VALUES(1,2,100,100,'\u0412\u044b\u0445\u0438\u043d\u043e')
INSERT INTO SHOP_PRODUCTS VALUES(2,3,70,70,'\u0412\u044b\u0445\u0438\u043d\u043e')
INSERT INTO SHOP_PRODUCTS VALUES(3,4,150,150,'\u0412\u044b\u0445\u0438\u043d\u043e')
INSERT INTO SHOP_PRODUCTS VALUES(4,5,50,50,'\u0412\u044b\u0445\u0438\u043d\u043e')
INSERT INTO SHOP_PRODUCTS VALUES(5,6,50,50,'\u0412\u044b\u0445\u0438\u043d\u043e')
INSERT INTO SHOP_PRODUCTS VALUES(6,7,50,50,'\u0412\u044b\u0445\u0438\u043d\u043e')
INSERT INTO SHOP_PRODUCTS VALUES(7,8,150,150,'\u0412\u044b\u0445\u0438\u043d\u043e')
INSERT INTO SHOP_PRODUCTS VALUES(8,9,70,70,'\u0412\u044b\u0445\u0438\u043d\u043e')
INSERT INTO SHOP_PRODUCTS VALUES(9,10,70,70,'\u0412\u044b\u0445\u0438\u043d\u043e')
INSERT INTO SHOP_PRODUCTS VALUES(10,11,100,100,'\u0412\u044b\u0445\u0438\u043d\u043e')
INSERT INTO SHOP_PRODUCTS VALUES(11,12,70,70,'\u0412\u044b\u0445\u0438\u043d\u043e')
INSERT INTO SHOP_PRODUCTS VALUES(12,13,70,70,'\u0412\u044b\u0445\u0438\u043d\u043e')
INSERT INTO SHOP_PRODUCTS VALUES(13,14,150,150,'\u0412\u044b\u0445\u0438\u043d\u043e')
INSERT INTO SHOP_PRODUCTS VALUES(14,15,50,50,'\u0412\u044b\u0445\u0438\u043d\u043e')
INSERT INTO SHOP_PRODUCTS VALUES(15,16,50,50,'\u0412\u044b\u0445\u0438\u043d\u043e')
INSERT INTO SHOP_PRODUCTS VALUES(16,17,20,20,'\u0412\u044b\u0445\u0438\u043d\u043e')
INSERT INTO SHOP_PRODUCTS VALUES(17,18,150,150,'\u0412\u044b\u0445\u0438\u043d\u043e')
INSERT INTO SHOP_PRODUCTS VALUES(18,19,70,70,'\u0412\u044b\u0445\u0438\u043d\u043e')
INSERT INTO SHOP_PRODUCTS VALUES(19,20,70,70,'\u0412\u044b\u0445\u0438\u043d\u043e')
INSERT INTO SHOP_PRODUCTS VALUES(20,21,150,150,'\u0412\u044b\u0445\u0438\u043d\u043e')
INSERT INTO SHOP_PRODUCTS VALUES(21,22,150,150,'\u0412\u044b\u0445\u0438\u043d\u043e')
INSERT INTO SHOP_PRODUCTS VALUES(22,23,150,150,'\u0412\u044b\u0445\u0438\u043d\u043e')
INSERT INTO SHOP_PRODUCTS VALUES(23,24,100,100,'\u0412\u044b\u0445\u0438\u043d\u043e')
INSERT INTO SHOP_PRODUCTS VALUES(24,25,100,100,'\u0412\u044b\u0445\u0438\u043d\u043e')
INSERT INTO SHOP_PRODUCTS VALUES(25,26,100,100,'\u0412\u044b\u0445\u0438\u043d\u043e')
INSERT INTO SHOP_PRODUCTS VALUES(26,27,100,100,'\u0412\u044b\u0445\u0438\u043d\u043e')
INSERT INTO SHOP_PRODUCTS VALUES(27,28,100,100,'\u0412\u044b\u0445\u0438\u043d\u043e')
INSERT INTO SHOP_PRODUCTS VALUES(28,29,70,70,'\u0412\u044b\u0445\u0438\u043d\u043e')
INSERT INTO SHOP_PRODUCTS VALUES(29,30,70,70,'\u0412\u044b\u0445\u0438\u043d\u043e')
INSERT INTO SHOP_PRODUCTS VALUES(30,31,70,70,'\u0412\u044b\u0445\u0438\u043d\u043e')
INSERT INTO SHOP_PRODUCTS VALUES(31,32,70,70,'\u0412\u044b\u0445\u0438\u043d\u043e')
INSERT INTO SHOP_PRODUCTS VALUES(32,33,50,50,'\u0412\u044b\u0445\u0438\u043d\u043e')
INSERT INTO SHOP_PRODUCTS VALUES(33,34,50,50,'\u0412\u044b\u0445\u0438\u043d\u043e')
INSERT INTO SHOP_PRODUCTS VALUES(34,35,50,50,'\u0412\u044b\u0445\u0438\u043d\u043e')
INSERT INTO SHOP_PRODUCTS VALUES(35,36,50,50,'\u0412\u044b\u0445\u0438\u043d\u043e')
INSERT INTO SHOP_PRODUCTS VALUES(36,37,20,20,'\u0412\u044b\u0445\u0438\u043d\u043e')
INSERT INTO SHOP_PRODUCTS VALUES(37,38,20,20,'\u0412\u044b\u0445\u0438\u043d\u043e')
INSERT INTO SHOP_PRODUCTS VALUES(38,39,20,20,'\u0412\u044b\u0445\u0438\u043d\u043e')
INSERT INTO SHOP_PRODUCTS VALUES(39,40,20,20,'\u0412\u044b\u0445\u0438\u043d\u043e')
INSERT INTO SHOP_PRODUCTS VALUES(40,41,100,100,'\u0412\u044b\u0445\u0438\u043d\u043e')
INSERT INTO SHOP_PRODUCTS VALUES(41,42,70,70,'\u0412\u044b\u0445\u0438\u043d\u043e')
INSERT INTO SHOP_PRODUCTS VALUES(42,43,50,50,'\u0412\u044b\u0445\u0438\u043d\u043e')
INSERT INTO SHOP_PRODUCTS VALUES(43,44,150,150,'\u0412\u044b\u0445\u0438\u043d\u043e')
INSERT INTO SHOP_PRODUCTS VALUES(44,45,50,50,'\u0412\u044b\u0445\u0438\u043d\u043e')
INSERT INTO SHOP_PRODUCTS VALUES(45,46,50,50,'\u0412\u044b\u0445\u0438\u043d\u043e')
INSERT INTO SHOP_PRODUCTS VALUES(46,47,20,20,'\u0412\u044b\u0445\u0438\u043d\u043e')
INSERT INTO SHOP_PRODUCTS VALUES(47,48,150,150,'\u0412\u044b\u0445\u0438\u043d\u043e')
INSERT INTO SHOP_PRODUCTS VALUES(48,49,70,70,'\u0412\u044b\u0445\u0438\u043d\u043e')
INSERT INTO SHOP_PRODUCTS VALUES(49,50,70,70,'\u0412\u044b\u0445\u0438\u043d\u043e')
INSERT INTO SHOP_PRODUCTS VALUES(50,51,100,100,'\u0412\u044b\u0445\u0438\u043d\u043e')
INSERT INTO SHOP_PRODUCTS VALUES(51,52,70,70,'\u0412\u044b\u0445\u0438\u043d\u043e')
INSERT INTO SHOP_PRODUCTS VALUES(52,53,50,50,'\u0412\u044b\u0445\u0438\u043d\u043e')
INSERT INTO SHOP_PRODUCTS VALUES(53,54,100,100,'\u0412\u044b\u0445\u0438\u043d\u043e')
INSERT INTO SHOP_PRODUCTS VALUES(54,55,50,50,'\u0412\u044b\u0445\u0438\u043d\u043e')
INSERT INTO SHOP_PRODUCTS VALUES(55,56,50,50,'\u0412\u044b\u0445\u0438\u043d\u043e')
INSERT INTO SHOP_PRODUCTS VALUES(56,57,20,20,'\u0412\u044b\u0445\u0438\u043d\u043e')
INSERT INTO SHOP_PRODUCTS VALUES(57,58,100,100,'\u0412\u044b\u0445\u0438\u043d\u043e')
INSERT INTO SHOP_PRODUCTS VALUES(58,59,70,70,'\u0412\u044b\u0445\u0438\u043d\u043e')
INSERT INTO SHOP_PRODUCTS VALUES(59,60,70,70,'\u0412\u044b\u0445\u0438\u043d\u043e')
INSERT INTO SHOP_PRODUCTS VALUES(60,61,150,150,'\u0412\u044b\u0445\u0438\u043d\u043e')
INSERT INTO SHOP_PRODUCTS VALUES(61,62,100,100,'\u0412\u044b\u0445\u0438\u043d\u043e')
INSERT INTO SHOP_PRODUCTS VALUES(62,63,100,100,'\u0412\u044b\u0445\u0438\u043d\u043e')
INSERT INTO SHOP_PRODUCTS VALUES(63,64,100,100,'\u0412\u044b\u0445\u0438\u043d\u043e')
INSERT INTO SHOP_PRODUCTS VALUES(64,65,100,100,'\u0412\u044b\u0445\u0438\u043d\u043e')
INSERT INTO SHOP_PRODUCTS VALUES(65,66,70,70,'\u0412\u044b\u0445\u0438\u043d\u043e')
INSERT INTO SHOP_PRODUCTS VALUES(66,67,70,70,'\u0412\u044b\u0445\u0438\u043d\u043e')
INSERT INTO SHOP_PRODUCTS VALUES(67,68,70,70,'\u0412\u044b\u0445\u0438\u043d\u043e')
INSERT INTO SHOP_PRODUCTS VALUES(68,69,70,70,'\u0412\u044b\u0445\u0438\u043d\u043e')
INSERT INTO SHOP_PRODUCTS VALUES(69,70,70,70,'\u0412\u044b\u0445\u0438\u043d\u043e')
INSERT INTO SHOP_PRODUCTS VALUES(70,71,70,70,'\u0412\u044b\u0445\u0438\u043d\u043e')
INSERT INTO SHOP_PRODUCTS VALUES(71,72,50,50,'\u0412\u044b\u0445\u0438\u043d\u043e')
INSERT INTO SHOP_PRODUCTS VALUES(72,73,50,50,'\u0412\u044b\u0445\u0438\u043d\u043e')
INSERT INTO SHOP_PRODUCTS VALUES(73,74,50,50,'\u0412\u044b\u0445\u0438\u043d\u043e')
INSERT INTO SHOP_PRODUCTS VALUES(74,75,20,20,'\u0412\u044b\u0445\u0438\u043d\u043e')
INSERT INTO SHOP_PRODUCTS VALUES(75,76,20,20,'\u0412\u044b\u0445\u0438\u043d\u043e')
INSERT INTO SHOP_PRODUCTS VALUES(76,77,20,20,'\u0412\u044b\u0445\u0438\u043d\u043e')
INSERT INTO SHOP_PRODUCTS VALUES(77,78,20,20,'\u0412\u044b\u0445\u0438\u043d\u043e')
INSERT INTO SHOP_PRODUCTS VALUES(78,79,20,20,'\u0412\u044b\u0445\u0438\u043d\u043e')
INSERT INTO SHOP_PRODUCTS VALUES(79,80,10,10,'\u0412\u044b\u0445\u0438\u043d\u043e')
INSERT INTO SHOP_PRODUCTS VALUES(80,1,150,150,'\u0416\u0443\u043b\u0435\u0431\u0438\u043d\u043e')
INSERT INTO SHOP_PRODUCTS VALUES(81,2,100,100,'\u0416\u0443\u043b\u0435\u0431\u0438\u043d\u043e')
INSERT INTO SHOP_PRODUCTS VALUES(82,3,70,70,'\u0416\u0443\u043b\u0435\u0431\u0438\u043d\u043e')
INSERT INTO SHOP_PRODUCTS VALUES(83,4,150,150,'\u0416\u0443\u043b\u0435\u0431\u0438\u043d\u043e')
INSERT INTO SHOP_PRODUCTS VALUES(84,5,50,50,'\u0416\u0443\u043b\u0435\u0431\u0438\u043d\u043e')
INSERT INTO SHOP_PRODUCTS VALUES(85,6,50,50,'\u0416\u0443\u043b\u0435\u0431\u0438\u043d\u043e')
INSERT INTO SHOP_PRODUCTS VALUES(86,7,50,50,'\u0416\u0443\u043b\u0435\u0431\u0438\u043d\u043e')
INSERT INTO SHOP_PRODUCTS VALUES(87,8,150,150,'\u0416\u0443\u043b\u0435\u0431\u0438\u043d\u043e')
INSERT INTO SHOP_PRODUCTS VALUES(88,9,70,70,'\u0416\u0443\u043b\u0435\u0431\u0438\u043d\u043e')
INSERT INTO SHOP_PRODUCTS VALUES(89,10,70,70,'\u0416\u0443\u043b\u0435\u0431\u0438\u043d\u043e')
INSERT INTO SHOP_PRODUCTS VALUES(90,11,100,100,'\u0416\u0443\u043b\u0435\u0431\u0438\u043d\u043e')
INSERT INTO SHOP_PRODUCTS VALUES(91,12,70,70,'\u0416\u0443\u043b\u0435\u0431\u0438\u043d\u043e')
INSERT INTO SHOP_PRODUCTS VALUES(92,13,70,70,'\u0416\u0443\u043b\u0435\u0431\u0438\u043d\u043e')
INSERT INTO SHOP_PRODUCTS VALUES(93,14,150,150,'\u0416\u0443\u043b\u0435\u0431\u0438\u043d\u043e')
INSERT INTO SHOP_PRODUCTS VALUES(94,15,50,50,'\u0416\u0443\u043b\u0435\u0431\u0438\u043d\u043e')
INSERT INTO SHOP_PRODUCTS VALUES(95,16,50,50,'\u0416\u0443\u043b\u0435\u0431\u0438\u043d\u043e')
INSERT INTO SHOP_PRODUCTS VALUES(96,17,20,20,'\u0416\u0443\u043b\u0435\u0431\u0438\u043d\u043e')
INSERT INTO SHOP_PRODUCTS VALUES(97,18,150,150,'\u0416\u0443\u043b\u0435\u0431\u0438\u043d\u043e')
INSERT INTO SHOP_PRODUCTS VALUES(98,19,70,70,'\u0416\u0443\u043b\u0435\u0431\u0438\u043d\u043e')
INSERT INTO SHOP_PRODUCTS VALUES(99,20,70,70,'\u0416\u0443\u043b\u0435\u0431\u0438\u043d\u043e')
INSERT INTO SHOP_PRODUCTS VALUES(100,21,150,150,'\u0416\u0443\u043b\u0435\u0431\u0438\u043d\u043e')
INSERT INTO SHOP_PRODUCTS VALUES(101,22,150,150,'\u0416\u0443\u043b\u0435\u0431\u0438\u043d\u043e')
INSERT INTO SHOP_PRODUCTS VALUES(102,23,150,150,'\u0416\u0443\u043b\u0435\u0431\u0438\u043d\u043e')
INSERT INTO SHOP_PRODUCTS VALUES(103,24,100,100,'\u0416\u0443\u043b\u0435\u0431\u0438\u043d\u043e')
INSERT INTO SHOP_PRODUCTS VALUES(104,25,100,100,'\u0416\u0443\u043b\u0435\u0431\u0438\u043d\u043e')
INSERT INTO SHOP_PRODUCTS VALUES(105,26,100,100,'\u0416\u0443\u043b\u0435\u0431\u0438\u043d\u043e')
INSERT INTO SHOP_PRODUCTS VALUES(106,27,100,100,'\u0416\u0443\u043b\u0435\u0431\u0438\u043d\u043e')
INSERT INTO SHOP_PRODUCTS VALUES(107,28,100,100,'\u0416\u0443\u043b\u0435\u0431\u0438\u043d\u043e')
INSERT INTO SHOP_PRODUCTS VALUES(108,29,70,70,'\u0416\u0443\u043b\u0435\u0431\u0438\u043d\u043e')
INSERT INTO SHOP_PRODUCTS VALUES(109,30,70,70,'\u0416\u0443\u043b\u0435\u0431\u0438\u043d\u043e')
INSERT INTO SHOP_PRODUCTS VALUES(110,31,70,70,'\u0416\u0443\u043b\u0435\u0431\u0438\u043d\u043e')
INSERT INTO SHOP_PRODUCTS VALUES(111,32,70,70,'\u0416\u0443\u043b\u0435\u0431\u0438\u043d\u043e')
INSERT INTO SHOP_PRODUCTS VALUES(112,33,50,50,'\u0416\u0443\u043b\u0435\u0431\u0438\u043d\u043e')
INSERT INTO SHOP_PRODUCTS VALUES(113,34,50,50,'\u0416\u0443\u043b\u0435\u0431\u0438\u043d\u043e')
INSERT INTO SHOP_PRODUCTS VALUES(114,35,50,50,'\u0416\u0443\u043b\u0435\u0431\u0438\u043d\u043e')
INSERT INTO SHOP_PRODUCTS VALUES(115,36,50,50,'\u0416\u0443\u043b\u0435\u0431\u0438\u043d\u043e')
INSERT INTO SHOP_PRODUCTS VALUES(116,37,20,20,'\u0416\u0443\u043b\u0435\u0431\u0438\u043d\u043e')
INSERT INTO SHOP_PRODUCTS VALUES(117,38,20,20,'\u0416\u0443\u043b\u0435\u0431\u0438\u043d\u043e')
INSERT INTO SHOP_PRODUCTS VALUES(118,39,20,20,'\u0416\u0443\u043b\u0435\u0431\u0438\u043d\u043e')
INSERT INTO SHOP_PRODUCTS VALUES(119,40,20,20,'\u0416\u0443\u043b\u0435\u0431\u0438\u043d\u043e')
INSERT INTO SHOP_PRODUCTS VALUES(120,41,100,100,'\u0416\u0443\u043b\u0435\u0431\u0438\u043d\u043e')
INSERT INTO SHOP_PRODUCTS VALUES(121,42,70,70,'\u0416\u0443\u043b\u0435\u0431\u0438\u043d\u043e')
INSERT INTO SHOP_PRODUCTS VALUES(122,43,50,50,'\u0416\u0443\u043b\u0435\u0431\u0438\u043d\u043e')
INSERT INTO SHOP_PRODUCTS VALUES(123,44,150,150,'\u0416\u0443\u043b\u0435\u0431\u0438\u043d\u043e')
INSERT INTO SHOP_PRODUCTS VALUES(124,45,50,50,'\u0416\u0443\u043b\u0435\u0431\u0438\u043d\u043e')
INSERT INTO SHOP_PRODUCTS VALUES(125,46,50,50,'\u0416\u0443\u043b\u0435\u0431\u0438\u043d\u043e')
INSERT INTO SHOP_PRODUCTS VALUES(126,47,20,20,'\u0416\u0443\u043b\u0435\u0431\u0438\u043d\u043e')
INSERT INTO SHOP_PRODUCTS VALUES(127,48,150,150,'\u0416\u0443\u043b\u0435\u0431\u0438\u043d\u043e')
INSERT INTO SHOP_PRODUCTS VALUES(128,49,70,70,'\u0416\u0443\u043b\u0435\u0431\u0438\u043d\u043e')
INSERT INTO SHOP_PRODUCTS VALUES(129,50,70,70,'\u0416\u0443\u043b\u0435\u0431\u0438\u043d\u043e')
INSERT INTO SHOP_PRODUCTS VALUES(130,51,100,100,'\u0416\u0443\u043b\u0435\u0431\u0438\u043d\u043e')
INSERT INTO SHOP_PRODUCTS VALUES(131,52,70,70,'\u0416\u0443\u043b\u0435\u0431\u0438\u043d\u043e')
INSERT INTO SHOP_PRODUCTS VALUES(132,53,50,50,'\u0416\u0443\u043b\u0435\u0431\u0438\u043d\u043e')
INSERT INTO SHOP_PRODUCTS VALUES(133,54,100,100,'\u0416\u0443\u043b\u0435\u0431\u0438\u043d\u043e')
INSERT INTO SHOP_PRODUCTS VALUES(134,55,50,50,'\u0416\u0443\u043b\u0435\u0431\u0438\u043d\u043e')
INSERT INTO SHOP_PRODUCTS VALUES(135,56,50,50,'\u0416\u0443\u043b\u0435\u0431\u0438\u043d\u043e')
INSERT INTO SHOP_PRODUCTS VALUES(136,57,20,20,'\u0416\u0443\u043b\u0435\u0431\u0438\u043d\u043e')
INSERT INTO SHOP_PRODUCTS VALUES(137,58,100,100,'\u0416\u0443\u043b\u0435\u0431\u0438\u043d\u043e')
INSERT INTO SHOP_PRODUCTS VALUES(138,59,70,70,'\u0416\u0443\u043b\u0435\u0431\u0438\u043d\u043e')
INSERT INTO SHOP_PRODUCTS VALUES(139,60,70,70,'\u0416\u0443\u043b\u0435\u0431\u0438\u043d\u043e')
INSERT INTO SHOP_PRODUCTS VALUES(140,61,150,150,'\u0416\u0443\u043b\u0435\u0431\u0438\u043d\u043e')
INSERT INTO SHOP_PRODUCTS VALUES(141,62,100,100,'\u0416\u0443\u043b\u0435\u0431\u0438\u043d\u043e')
INSERT INTO SHOP_PRODUCTS VALUES(142,63,100,100,'\u0416\u0443\u043b\u0435\u0431\u0438\u043d\u043e')
INSERT INTO SHOP_PRODUCTS VALUES(143,64,100,100,'\u0416\u0443\u043b\u0435\u0431\u0438\u043d\u043e')
INSERT INTO SHOP_PRODUCTS VALUES(144,65,100,100,'\u0416\u0443\u043b\u0435\u0431\u0438\u043d\u043e')
INSERT INTO SHOP_PRODUCTS VALUES(145,66,70,70,'\u0416\u0443\u043b\u0435\u0431\u0438\u043d\u043e')
INSERT INTO SHOP_PRODUCTS VALUES(146,67,70,70,'\u0416\u0443\u043b\u0435\u0431\u0438\u043d\u043e')
INSERT INTO SHOP_PRODUCTS VALUES(147,68,70,70,'\u0416\u0443\u043b\u0435\u0431\u0438\u043d\u043e')
INSERT INTO SHOP_PRODUCTS VALUES(148,69,70,70,'\u0416\u0443\u043b\u0435\u0431\u0438\u043d\u043e')
INSERT INTO SHOP_PRODUCTS VALUES(149,70,70,70,'\u0416\u0443\u043b\u0435\u0431\u0438\u043d\u043e')
INSERT INTO SHOP_PRODUCTS VALUES(150,71,70,70,'\u0416\u0443\u043b\u0435\u0431\u0438\u043d\u043e')
INSERT INTO SHOP_PRODUCTS VALUES(151,72,50,50,'\u0416\u0443\u043b\u0435\u0431\u0438\u043d\u043e')
INSERT INTO SHOP_PRODUCTS VALUES(152,73,50,50,'\u0416\u0443\u043b\u0435\u0431\u0438\u043d\u043e')
INSERT INTO SHOP_PRODUCTS VALUES(153,74,50,50,'\u0416\u0443\u043b\u0435\u0431\u0438\u043d\u043e')
INSERT INTO SHOP_PRODUCTS VALUES(154,75,20,20,'\u0416\u0443\u043b\u0435\u0431\u0438\u043d\u043e')
INSERT INTO SHOP_PRODUCTS VALUES(155,76,20,20,'\u0416\u0443\u043b\u0435\u0431\u0438\u043d\u043e')
INSERT INTO SHOP_PRODUCTS VALUES(156,77,20,20,'\u0416\u0443\u043b\u0435\u0431\u0438\u043d\u043e')
INSERT INTO SHOP_PRODUCTS VALUES(157,78,20,20,'\u0416\u0443\u043b\u0435\u0431\u0438\u043d\u043e')
INSERT INTO SHOP_PRODUCTS VALUES(158,79,20,20,'\u0416\u0443\u043b\u0435\u0431\u0438\u043d\u043e')
INSERT INTO SHOP_PRODUCTS VALUES(159,80,10,10,'\u0416\u0443\u043b\u0435\u0431\u0438\u043d\u043e')
INSERT INTO SHOP_PRODUCTS VALUES(160,1,150,150,'\u0411\u0443\u0442\u043e\u0432\u043e')
INSERT INTO SHOP_PRODUCTS VALUES(161,2,100,100,'\u0411\u0443\u0442\u043e\u0432\u043e')
INSERT INTO SHOP_PRODUCTS VALUES(162,3,70,70,'\u0411\u0443\u0442\u043e\u0432\u043e')
INSERT INTO SHOP_PRODUCTS VALUES(163,4,150,150,'\u0411\u0443\u0442\u043e\u0432\u043e')
INSERT INTO SHOP_PRODUCTS VALUES(164,5,50,50,'\u0411\u0443\u0442\u043e\u0432\u043e')
INSERT INTO SHOP_PRODUCTS VALUES(165,6,50,50,'\u0411\u0443\u0442\u043e\u0432\u043e')
INSERT INTO SHOP_PRODUCTS VALUES(166,7,50,50,'\u0411\u0443\u0442\u043e\u0432\u043e')
INSERT INTO SHOP_PRODUCTS VALUES(167,8,150,150,'\u0411\u0443\u0442\u043e\u0432\u043e')
INSERT INTO SHOP_PRODUCTS VALUES(168,9,70,70,'\u0411\u0443\u0442\u043e\u0432\u043e')
INSERT INTO SHOP_PRODUCTS VALUES(169,10,70,70,'\u0411\u0443\u0442\u043e\u0432\u043e')
INSERT INTO SHOP_PRODUCTS VALUES(170,11,100,100,'\u0411\u0443\u0442\u043e\u0432\u043e')
INSERT INTO SHOP_PRODUCTS VALUES(171,12,70,70,'\u0411\u0443\u0442\u043e\u0432\u043e')
INSERT INTO SHOP_PRODUCTS VALUES(172,13,70,70,'\u0411\u0443\u0442\u043e\u0432\u043e')
INSERT INTO SHOP_PRODUCTS VALUES(173,14,150,150,'\u0411\u0443\u0442\u043e\u0432\u043e')
INSERT INTO SHOP_PRODUCTS VALUES(174,15,50,50,'\u0411\u0443\u0442\u043e\u0432\u043e')
INSERT INTO SHOP_PRODUCTS VALUES(175,16,50,50,'\u0411\u0443\u0442\u043e\u0432\u043e')
INSERT INTO SHOP_PRODUCTS VALUES(176,17,20,20,'\u0411\u0443\u0442\u043e\u0432\u043e')
INSERT INTO SHOP_PRODUCTS VALUES(177,18,150,150,'\u0411\u0443\u0442\u043e\u0432\u043e')
INSERT INTO SHOP_PRODUCTS VALUES(178,19,70,70,'\u0411\u0443\u0442\u043e\u0432\u043e')
INSERT INTO SHOP_PRODUCTS VALUES(179,20,70,70,'\u0411\u0443\u0442\u043e\u0432\u043e')
INSERT INTO SHOP_PRODUCTS VALUES(180,21,150,150,'\u0411\u0443\u0442\u043e\u0432\u043e')
INSERT INTO SHOP_PRODUCTS VALUES(181,22,150,150,'\u0411\u0443\u0442\u043e\u0432\u043e')
INSERT INTO SHOP_PRODUCTS VALUES(182,23,150,150,'\u0411\u0443\u0442\u043e\u0432\u043e')
INSERT INTO SHOP_PRODUCTS VALUES(183,24,100,100,'\u0411\u0443\u0442\u043e\u0432\u043e')
INSERT INTO SHOP_PRODUCTS VALUES(184,25,100,100,'\u0411\u0443\u0442\u043e\u0432\u043e')
INSERT INTO SHOP_PRODUCTS VALUES(185,26,100,100,'\u0411\u0443\u0442\u043e\u0432\u043e')
INSERT INTO SHOP_PRODUCTS VALUES(186,27,100,100,'\u0411\u0443\u0442\u043e\u0432\u043e')
INSERT INTO SHOP_PRODUCTS VALUES(187,28,100,100,'\u0411\u0443\u0442\u043e\u0432\u043e')
INSERT INTO SHOP_PRODUCTS VALUES(188,29,70,70,'\u0411\u0443\u0442\u043e\u0432\u043e')
INSERT INTO SHOP_PRODUCTS VALUES(189,30,70,70,'\u0411\u0443\u0442\u043e\u0432\u043e')
INSERT INTO SHOP_PRODUCTS VALUES(190,31,70,70,'\u0411\u0443\u0442\u043e\u0432\u043e')
INSERT INTO SHOP_PRODUCTS VALUES(191,32,70,70,'\u0411\u0443\u0442\u043e\u0432\u043e')
INSERT INTO SHOP_PRODUCTS VALUES(192,33,50,50,'\u0411\u0443\u0442\u043e\u0432\u043e')
INSERT INTO SHOP_PRODUCTS VALUES(193,34,50,50,'\u0411\u0443\u0442\u043e\u0432\u043e')
INSERT INTO SHOP_PRODUCTS VALUES(194,35,50,50,'\u0411\u0443\u0442\u043e\u0432\u043e')
INSERT INTO SHOP_PRODUCTS VALUES(195,36,50,50,'\u0411\u0443\u0442\u043e\u0432\u043e')
INSERT INTO SHOP_PRODUCTS VALUES(196,37,20,20,'\u0411\u0443\u0442\u043e\u0432\u043e')
INSERT INTO SHOP_PRODUCTS VALUES(197,38,20,20,'\u0411\u0443\u0442\u043e\u0432\u043e')
INSERT INTO SHOP_PRODUCTS VALUES(198,39,20,20,'\u0411\u0443\u0442\u043e\u0432\u043e')
INSERT INTO SHOP_PRODUCTS VALUES(199,40,20,20,'\u0411\u0443\u0442\u043e\u0432\u043e')
INSERT INTO SHOP_PRODUCTS VALUES(200,41,100,100,'\u0411\u0443\u0442\u043e\u0432\u043e')
INSERT INTO SHOP_PRODUCTS VALUES(201,42,70,70,'\u0411\u0443\u0442\u043e\u0432\u043e')
INSERT INTO SHOP_PRODUCTS VALUES(202,43,50,50,'\u0411\u0443\u0442\u043e\u0432\u043e')
INSERT INTO SHOP_PRODUCTS VALUES(203,44,150,150,'\u0411\u0443\u0442\u043e\u0432\u043e')
INSERT INTO SHOP_PRODUCTS VALUES(204,45,50,50,'\u0411\u0443\u0442\u043e\u0432\u043e')
INSERT INTO SHOP_PRODUCTS VALUES(205,46,50,50,'\u0411\u0443\u0442\u043e\u0432\u043e')
INSERT INTO SHOP_PRODUCTS VALUES(206,47,20,20,'\u0411\u0443\u0442\u043e\u0432\u043e')
INSERT INTO SHOP_PRODUCTS VALUES(207,48,150,150,'\u0411\u0443\u0442\u043e\u0432\u043e')
INSERT INTO SHOP_PRODUCTS VALUES(208,49,70,70,'\u0411\u0443\u0442\u043e\u0432\u043e')
INSERT INTO SHOP_PRODUCTS VALUES(209,50,70,70,'\u0411\u0443\u0442\u043e\u0432\u043e')
INSERT INTO SHOP_PRODUCTS VALUES(210,51,100,100,'\u0411\u0443\u0442\u043e\u0432\u043e')
INSERT INTO SHOP_PRODUCTS VALUES(211,52,70,70,'\u0411\u0443\u0442\u043e\u0432\u043e')
INSERT INTO SHOP_PRODUCTS VALUES(212,53,50,50,'\u0411\u0443\u0442\u043e\u0432\u043e')
INSERT INTO SHOP_PRODUCTS VALUES(213,54,100,100,'\u0411\u0443\u0442\u043e\u0432\u043e')
INSERT INTO SHOP_PRODUCTS VALUES(214,55,50,50,'\u0411\u0443\u0442\u043e\u0432\u043e')
INSERT INTO SHOP_PRODUCTS VALUES(215,56,50,50,'\u0411\u0443\u0442\u043e\u0432\u043e')
INSERT INTO SHOP_PRODUCTS VALUES(216,57,20,20,'\u0411\u0443\u0442\u043e\u0432\u043e')
INSERT INTO SHOP_PRODUCTS VALUES(217,58,100,100,'\u0411\u0443\u0442\u043e\u0432\u043e')
INSERT INTO SHOP_PRODUCTS VALUES(218,59,70,70,'\u0411\u0443\u0442\u043e\u0432\u043e')
INSERT INTO SHOP_PRODUCTS VALUES(219,60,70,70,'\u0411\u0443\u0442\u043e\u0432\u043e')
INSERT INTO SHOP_PRODUCTS VALUES(220,61,150,150,'\u0411\u0443\u0442\u043e\u0432\u043e')
INSERT INTO SHOP_PRODUCTS VALUES(221,62,100,100,'\u0411\u0443\u0442\u043e\u0432\u043e')
INSERT INTO SHOP_PRODUCTS VALUES(222,63,100,100,'\u0411\u0443\u0442\u043e\u0432\u043e')
INSERT INTO SHOP_PRODUCTS VALUES(223,64,100,100,'\u0411\u0443\u0442\u043e\u0432\u043e')
INSERT INTO SHOP_PRODUCTS VALUES(224,65,100,100,'\u0411\u0443\u0442\u043e\u0432\u043e')
INSERT INTO SHOP_PRODUCTS VALUES(225,66,70,70,'\u0411\u0443\u0442\u043e\u0432\u043e')
INSERT INTO SHOP_PRODUCTS VALUES(226,67,70,70,'\u0411\u0443\u0442\u043e\u0432\u043e')
INSERT INTO SHOP_PRODUCTS VALUES(227,68,70,70,'\u0411\u0443\u0442\u043e\u0432\u043e')
INSERT INTO SHOP_PRODUCTS VALUES(228,69,70,70,'\u0411\u0443\u0442\u043e\u0432\u043e')
INSERT INTO SHOP_PRODUCTS VALUES(229,70,70,70,'\u0411\u0443\u0442\u043e\u0432\u043e')
INSERT INTO SHOP_PRODUCTS VALUES(230,71,70,70,'\u0411\u0443\u0442\u043e\u0432\u043e')
INSERT INTO SHOP_PRODUCTS VALUES(231,72,50,50,'\u0411\u0443\u0442\u043e\u0432\u043e')
INSERT INTO SHOP_PRODUCTS VALUES(232,73,50,50,'\u0411\u0443\u0442\u043e\u0432\u043e')
INSERT INTO SHOP_PRODUCTS VALUES(233,74,50,50,'\u0411\u0443\u0442\u043e\u0432\u043e')
INSERT INTO SHOP_PRODUCTS VALUES(234,75,20,20,'\u0411\u0443\u0442\u043e\u0432\u043e')
INSERT INTO SHOP_PRODUCTS VALUES(235,76,20,20,'\u0411\u0443\u0442\u043e\u0432\u043e')
INSERT INTO SHOP_PRODUCTS VALUES(236,77,20,20,'\u0411\u0443\u0442\u043e\u0432\u043e')
INSERT INTO SHOP_PRODUCTS VALUES(237,78,20,20,'\u0411\u0443\u0442\u043e\u0432\u043e')
INSERT INTO SHOP_PRODUCTS VALUES(238,79,20,20,'\u0411\u0443\u0442\u043e\u0432\u043e')
INSERT INTO SHOP_PRODUCTS VALUES(239,80,10,10,'\u0411\u0443\u0442\u043e\u0432\u043e')
INSERT INTO SHOP_PRODUCTS VALUES(240,1,150,150,'\u0422\u0443\u0448\u0438\u043d\u043e')
INSERT INTO SHOP_PRODUCTS VALUES(241,2,100,100,'\u0422\u0443\u0448\u0438\u043d\u043e')
INSERT INTO SHOP_PRODUCTS VALUES(242,3,70,70,'\u0422\u0443\u0448\u0438\u043d\u043e')
INSERT INTO SHOP_PRODUCTS VALUES(243,4,150,150,'\u0422\u0443\u0448\u0438\u043d\u043e')
INSERT INTO SHOP_PRODUCTS VALUES(244,5,50,50,'\u0422\u0443\u0448\u0438\u043d\u043e')
INSERT INTO SHOP_PRODUCTS VALUES(245,6,50,50,'\u0422\u0443\u0448\u0438\u043d\u043e')
INSERT INTO SHOP_PRODUCTS VALUES(246,7,50,50,'\u0422\u0443\u0448\u0438\u043d\u043e')
INSERT INTO SHOP_PRODUCTS VALUES(247,8,150,150,'\u0422\u0443\u0448\u0438\u043d\u043e')
INSERT INTO SHOP_PRODUCTS VALUES(248,9,70,70,'\u0422\u0443\u0448\u0438\u043d\u043e')
INSERT INTO SHOP_PRODUCTS VALUES(249,10,70,70,'\u0422\u0443\u0448\u0438\u043d\u043e')
INSERT INTO SHOP_PRODUCTS VALUES(250,11,100,100,'\u0422\u0443\u0448\u0438\u043d\u043e')
INSERT INTO SHOP_PRODUCTS VALUES(251,12,70,70,'\u0422\u0443\u0448\u0438\u043d\u043e')
INSERT INTO SHOP_PRODUCTS VALUES(252,13,70,70,'\u0422\u0443\u0448\u0438\u043d\u043e')
INSERT INTO SHOP_PRODUCTS VALUES(253,14,150,150,'\u0422\u0443\u0448\u0438\u043d\u043e')
INSERT INTO SHOP_PRODUCTS VALUES(254,15,50,50,'\u0422\u0443\u0448\u0438\u043d\u043e')
INSERT INTO SHOP_PRODUCTS VALUES(255,16,50,50,'\u0422\u0443\u0448\u0438\u043d\u043e')
INSERT INTO SHOP_PRODUCTS VALUES(256,17,20,20,'\u0422\u0443\u0448\u0438\u043d\u043e')
INSERT INTO SHOP_PRODUCTS VALUES(257,18,150,150,'\u0422\u0443\u0448\u0438\u043d\u043e')
INSERT INTO SHOP_PRODUCTS VALUES(258,19,70,70,'\u0422\u0443\u0448\u0438\u043d\u043e')
INSERT INTO SHOP_PRODUCTS VALUES(259,20,70,70,'\u0422\u0443\u0448\u0438\u043d\u043e')
INSERT INTO SHOP_PRODUCTS VALUES(260,21,150,150,'\u0422\u0443\u0448\u0438\u043d\u043e')
INSERT INTO SHOP_PRODUCTS VALUES(261,22,150,150,'\u0422\u0443\u0448\u0438\u043d\u043e')
INSERT INTO SHOP_PRODUCTS VALUES(262,23,150,150,'\u0422\u0443\u0448\u0438\u043d\u043e')
INSERT INTO SHOP_PRODUCTS VALUES(263,24,100,100,'\u0422\u0443\u0448\u0438\u043d\u043e')
INSERT INTO SHOP_PRODUCTS VALUES(264,25,100,100,'\u0422\u0443\u0448\u0438\u043d\u043e')
INSERT INTO SHOP_PRODUCTS VALUES(265,26,100,100,'\u0422\u0443\u0448\u0438\u043d\u043e')
INSERT INTO SHOP_PRODUCTS VALUES(266,27,100,100,'\u0422\u0443\u0448\u0438\u043d\u043e')
INSERT INTO SHOP_PRODUCTS VALUES(267,28,100,100,'\u0422\u0443\u0448\u0438\u043d\u043e')
INSERT INTO SHOP_PRODUCTS VALUES(268,29,70,70,'\u0422\u0443\u0448\u0438\u043d\u043e')
INSERT INTO SHOP_PRODUCTS VALUES(269,30,70,70,'\u0422\u0443\u0448\u0438\u043d\u043e')
INSERT INTO SHOP_PRODUCTS VALUES(270,31,70,70,'\u0422\u0443\u0448\u0438\u043d\u043e')
INSERT INTO SHOP_PRODUCTS VALUES(271,32,70,70,'\u0422\u0443\u0448\u0438\u043d\u043e')
INSERT INTO SHOP_PRODUCTS VALUES(272,33,50,50,'\u0422\u0443\u0448\u0438\u043d\u043e')
INSERT INTO SHOP_PRODUCTS VALUES(273,34,50,50,'\u0422\u0443\u0448\u0438\u043d\u043e')
INSERT INTO SHOP_PRODUCTS VALUES(274,35,50,50,'\u0422\u0443\u0448\u0438\u043d\u043e')
INSERT INTO SHOP_PRODUCTS VALUES(275,36,50,50,'\u0422\u0443\u0448\u0438\u043d\u043e')
INSERT INTO SHOP_PRODUCTS VALUES(276,37,20,20,'\u0422\u0443\u0448\u0438\u043d\u043e')
INSERT INTO SHOP_PRODUCTS VALUES(277,38,20,20,'\u0422\u0443\u0448\u0438\u043d\u043e')
INSERT INTO SHOP_PRODUCTS VALUES(278,39,20,20,'\u0422\u0443\u0448\u0438\u043d\u043e')
INSERT INTO SHOP_PRODUCTS VALUES(279,40,20,20,'\u0422\u0443\u0448\u0438\u043d\u043e')
INSERT INTO SHOP_PRODUCTS VALUES(280,41,100,100,'\u0422\u0443\u0448\u0438\u043d\u043e')
INSERT INTO SHOP_PRODUCTS VALUES(281,42,70,70,'\u0422\u0443\u0448\u0438\u043d\u043e')
INSERT INTO SHOP_PRODUCTS VALUES(282,43,50,50,'\u0422\u0443\u0448\u0438\u043d\u043e')
INSERT INTO SHOP_PRODUCTS VALUES(283,44,150,150,'\u0422\u0443\u0448\u0438\u043d\u043e')
INSERT INTO SHOP_PRODUCTS VALUES(284,45,50,50,'\u0422\u0443\u0448\u0438\u043d\u043e')
INSERT INTO SHOP_PRODUCTS VALUES(285,46,50,50,'\u0422\u0443\u0448\u0438\u043d\u043e')
INSERT INTO SHOP_PRODUCTS VALUES(286,47,20,20,'\u0422\u0443\u0448\u0438\u043d\u043e')
INSERT INTO SHOP_PRODUCTS VALUES(287,48,150,150,'\u0422\u0443\u0448\u0438\u043d\u043e')
INSERT INTO SHOP_PRODUCTS VALUES(288,49,70,70,'\u0422\u0443\u0448\u0438\u043d\u043e')
INSERT INTO SHOP_PRODUCTS VALUES(289,50,70,70,'\u0422\u0443\u0448\u0438\u043d\u043e')
INSERT INTO SHOP_PRODUCTS VALUES(290,51,100,100,'\u0422\u0443\u0448\u0438\u043d\u043e')
INSERT INTO SHOP_PRODUCTS VALUES(291,52,70,70,'\u0422\u0443\u0448\u0438\u043d\u043e')
INSERT INTO SHOP_PRODUCTS VALUES(292,53,50,50,'\u0422\u0443\u0448\u0438\u043d\u043e')
INSERT INTO SHOP_PRODUCTS VALUES(293,54,100,100,'\u0422\u0443\u0448\u0438\u043d\u043e')
INSERT INTO SHOP_PRODUCTS VALUES(294,55,50,50,'\u0422\u0443\u0448\u0438\u043d\u043e')
INSERT INTO SHOP_PRODUCTS VALUES(295,56,50,50,'\u0422\u0443\u0448\u0438\u043d\u043e')
INSERT INTO SHOP_PRODUCTS VALUES(296,57,20,20,'\u0422\u0443\u0448\u0438\u043d\u043e')
INSERT INTO SHOP_PRODUCTS VALUES(297,58,100,100,'\u0422\u0443\u0448\u0438\u043d\u043e')
INSERT INTO SHOP_PRODUCTS VALUES(298,59,70,70,'\u0422\u0443\u0448\u0438\u043d\u043e')
INSERT INTO SHOP_PRODUCTS VALUES(299,60,70,70,'\u0422\u0443\u0448\u0438\u043d\u043e')
INSERT INTO SHOP_PRODUCTS VALUES(300,61,150,150,'\u0422\u0443\u0448\u0438\u043d\u043e')
INSERT INTO SHOP_PRODUCTS VALUES(301,62,100,100,'\u0422\u0443\u0448\u0438\u043d\u043e')
INSERT INTO SHOP_PRODUCTS VALUES(302,63,100,100,'\u0422\u0443\u0448\u0438\u043d\u043e')
INSERT INTO SHOP_PRODUCTS VALUES(303,64,100,100,'\u0422\u0443\u0448\u0438\u043d\u043e')
INSERT INTO SHOP_PRODUCTS VALUES(304,65,100,100,'\u0422\u0443\u0448\u0438\u043d\u043e')
INSERT INTO SHOP_PRODUCTS VALUES(305,66,70,70,'\u0422\u0443\u0448\u0438\u043d\u043e')
INSERT INTO SHOP_PRODUCTS VALUES(306,67,70,70,'\u0422\u0443\u0448\u0438\u043d\u043e')
INSERT INTO SHOP_PRODUCTS VALUES(307,68,70,70,'\u0422\u0443\u0448\u0438\u043d\u043e')
INSERT INTO SHOP_PRODUCTS VALUES(308,69,70,70,'\u0422\u0443\u0448\u0438\u043d\u043e')
INSERT INTO SHOP_PRODUCTS VALUES(309,70,70,70,'\u0422\u0443\u0448\u0438\u043d\u043e')
INSERT INTO SHOP_PRODUCTS VALUES(310,71,70,70,'\u0422\u0443\u0448\u0438\u043d\u043e')
INSERT INTO SHOP_PRODUCTS VALUES(311,72,50,50,'\u0422\u0443\u0448\u0438\u043d\u043e')
INSERT INTO SHOP_PRODUCTS VALUES(312,73,50,50,'\u0422\u0443\u0448\u0438\u043d\u043e')
INSERT INTO SHOP_PRODUCTS VALUES(313,74,50,50,'\u0422\u0443\u0448\u0438\u043d\u043e')
INSERT INTO SHOP_PRODUCTS VALUES(314,75,20,20,'\u0422\u0443\u0448\u0438\u043d\u043e')
INSERT INTO SHOP_PRODUCTS VALUES(315,76,20,20,'\u0422\u0443\u0448\u0438\u043d\u043e')
INSERT INTO SHOP_PRODUCTS VALUES(316,77,20,20,'\u0422\u0443\u0448\u0438\u043d\u043e')
INSERT INTO SHOP_PRODUCTS VALUES(317,78,20,20,'\u0422\u0443\u0448\u0438\u043d\u043e')
INSERT INTO SHOP_PRODUCTS VALUES(318,79,20,20,'\u0422\u0443\u0448\u0438\u043d\u043e')
INSERT INTO SHOP_PRODUCTS VALUES(319,80,10,10,'\u0422\u0443\u0448\u0438\u043d\u043e')
INSERT INTO SHOP_PRODUCTS VALUES(320,1,150,150,'\u0410\u0440\u0431\u0430\u0442')
INSERT INTO SHOP_PRODUCTS VALUES(321,2,100,100,'\u0410\u0440\u0431\u0430\u0442')
INSERT INTO SHOP_PRODUCTS VALUES(322,3,70,70,'\u0410\u0440\u0431\u0430\u0442')
INSERT INTO SHOP_PRODUCTS VALUES(323,4,150,150,'\u0410\u0440\u0431\u0430\u0442')
INSERT INTO SHOP_PRODUCTS VALUES(324,5,50,50,'\u0410\u0440\u0431\u0430\u0442')
INSERT INTO SHOP_PRODUCTS VALUES(325,6,50,50,'\u0410\u0440\u0431\u0430\u0442')
INSERT INTO SHOP_PRODUCTS VALUES(326,7,50,50,'\u0410\u0440\u0431\u0430\u0442')
INSERT INTO SHOP_PRODUCTS VALUES(327,8,150,150,'\u0410\u0440\u0431\u0430\u0442')
INSERT INTO SHOP_PRODUCTS VALUES(328,9,70,70,'\u0410\u0440\u0431\u0430\u0442')
INSERT INTO SHOP_PRODUCTS VALUES(329,10,70,70,'\u0410\u0440\u0431\u0430\u0442')
INSERT INTO SHOP_PRODUCTS VALUES(330,11,100,100,'\u0410\u0440\u0431\u0430\u0442')
INSERT INTO SHOP_PRODUCTS VALUES(331,12,70,70,'\u0410\u0440\u0431\u0430\u0442')
INSERT INTO SHOP_PRODUCTS VALUES(332,13,70,70,'\u0410\u0440\u0431\u0430\u0442')
INSERT INTO SHOP_PRODUCTS VALUES(333,14,150,150,'\u0410\u0440\u0431\u0430\u0442')
INSERT INTO SHOP_PRODUCTS VALUES(334,15,50,50,'\u0410\u0440\u0431\u0430\u0442')
INSERT INTO SHOP_PRODUCTS VALUES(335,16,50,50,'\u0410\u0440\u0431\u0430\u0442')
INSERT INTO SHOP_PRODUCTS VALUES(336,17,20,20,'\u0410\u0440\u0431\u0430\u0442')
INSERT INTO SHOP_PRODUCTS VALUES(337,18,150,150,'\u0410\u0440\u0431\u0430\u0442')
INSERT INTO SHOP_PRODUCTS VALUES(338,19,70,70,'\u0410\u0440\u0431\u0430\u0442')
INSERT INTO SHOP_PRODUCTS VALUES(339,20,70,70,'\u0410\u0440\u0431\u0430\u0442')
INSERT INTO SHOP_PRODUCTS VALUES(340,21,150,150,'\u0410\u0440\u0431\u0430\u0442')
INSERT INTO SHOP_PRODUCTS VALUES(341,22,150,150,'\u0410\u0440\u0431\u0430\u0442')
INSERT INTO SHOP_PRODUCTS VALUES(342,23,150,150,'\u0410\u0440\u0431\u0430\u0442')
INSERT INTO SHOP_PRODUCTS VALUES(343,24,100,100,'\u0410\u0440\u0431\u0430\u0442')
INSERT INTO SHOP_PRODUCTS VALUES(344,25,100,100,'\u0410\u0440\u0431\u0430\u0442')
INSERT INTO SHOP_PRODUCTS VALUES(345,26,100,100,'\u0410\u0440\u0431\u0430\u0442')
INSERT INTO SHOP_PRODUCTS VALUES(346,27,100,100,'\u0410\u0440\u0431\u0430\u0442')
INSERT INTO SHOP_PRODUCTS VALUES(347,28,100,100,'\u0410\u0440\u0431\u0430\u0442')
INSERT INTO SHOP_PRODUCTS VALUES(348,29,70,70,'\u0410\u0440\u0431\u0430\u0442')
INSERT INTO SHOP_PRODUCTS VALUES(349,30,70,70,'\u0410\u0440\u0431\u0430\u0442')
INSERT INTO SHOP_PRODUCTS VALUES(350,31,70,70,'\u0410\u0440\u0431\u0430\u0442')
INSERT INTO SHOP_PRODUCTS VALUES(351,32,70,70,'\u0410\u0440\u0431\u0430\u0442')
INSERT INTO SHOP_PRODUCTS VALUES(352,33,50,50,'\u0410\u0440\u0431\u0430\u0442')
INSERT INTO SHOP_PRODUCTS VALUES(353,34,50,50,'\u0410\u0440\u0431\u0430\u0442')
INSERT INTO SHOP_PRODUCTS VALUES(354,35,50,50,'\u0410\u0440\u0431\u0430\u0442')
INSERT INTO SHOP_PRODUCTS VALUES(355,36,50,50,'\u0410\u0440\u0431\u0430\u0442')
INSERT INTO SHOP_PRODUCTS VALUES(356,37,20,20,'\u0410\u0440\u0431\u0430\u0442')
INSERT INTO SHOP_PRODUCTS VALUES(357,38,20,20,'\u0410\u0440\u0431\u0430\u0442')
INSERT INTO SHOP_PRODUCTS VALUES(358,39,20,20,'\u0410\u0440\u0431\u0430\u0442')
INSERT INTO SHOP_PRODUCTS VALUES(359,40,20,20,'\u0410\u0440\u0431\u0430\u0442')
INSERT INTO SHOP_PRODUCTS VALUES(360,41,100,100,'\u0410\u0440\u0431\u0430\u0442')
INSERT INTO SHOP_PRODUCTS VALUES(361,42,70,70,'\u0410\u0440\u0431\u0430\u0442')
INSERT INTO SHOP_PRODUCTS VALUES(362,43,50,50,'\u0410\u0440\u0431\u0430\u0442')
INSERT INTO SHOP_PRODUCTS VALUES(363,44,150,150,'\u0410\u0440\u0431\u0430\u0442')
INSERT INTO SHOP_PRODUCTS VALUES(364,45,50,50,'\u0410\u0440\u0431\u0430\u0442')
INSERT INTO SHOP_PRODUCTS VALUES(365,46,50,50,'\u0410\u0440\u0431\u0430\u0442')
INSERT INTO SHOP_PRODUCTS VALUES(366,47,20,20,'\u0410\u0440\u0431\u0430\u0442')
INSERT INTO SHOP_PRODUCTS VALUES(367,48,150,150,'\u0410\u0440\u0431\u0430\u0442')
INSERT INTO SHOP_PRODUCTS VALUES(368,49,70,70,'\u0410\u0440\u0431\u0430\u0442')
INSERT INTO SHOP_PRODUCTS VALUES(369,50,70,70,'\u0410\u0440\u0431\u0430\u0442')
INSERT INTO SHOP_PRODUCTS VALUES(370,51,100,100,'\u0410\u0440\u0431\u0430\u0442')
INSERT INTO SHOP_PRODUCTS VALUES(371,52,70,70,'\u0410\u0440\u0431\u0430\u0442')
INSERT INTO SHOP_PRODUCTS VALUES(372,53,50,50,'\u0410\u0440\u0431\u0430\u0442')
INSERT INTO SHOP_PRODUCTS VALUES(373,54,100,100,'\u0410\u0440\u0431\u0430\u0442')
INSERT INTO SHOP_PRODUCTS VALUES(374,55,50,50,'\u0410\u0440\u0431\u0430\u0442')
INSERT INTO SHOP_PRODUCTS VALUES(375,56,50,50,'\u0410\u0440\u0431\u0430\u0442')
INSERT INTO SHOP_PRODUCTS VALUES(376,57,20,20,'\u0410\u0440\u0431\u0430\u0442')
INSERT INTO SHOP_PRODUCTS VALUES(377,58,100,100,'\u0410\u0440\u0431\u0430\u0442')
INSERT INTO SHOP_PRODUCTS VALUES(378,59,70,70,'\u0410\u0440\u0431\u0430\u0442')
INSERT INTO SHOP_PRODUCTS VALUES(379,60,70,70,'\u0410\u0440\u0431\u0430\u0442')
INSERT INTO SHOP_PRODUCTS VALUES(380,61,150,150,'\u0410\u0440\u0431\u0430\u0442')
INSERT INTO SHOP_PRODUCTS VALUES(381,62,100,100,'\u0410\u0440\u0431\u0430\u0442')
INSERT INTO SHOP_PRODUCTS VALUES(382,63,100,100,'\u0410\u0440\u0431\u0430\u0442')
INSERT INTO SHOP_PRODUCTS VALUES(383,64,100,100,'\u0410\u0440\u0431\u0430\u0442')
INSERT INTO SHOP_PRODUCTS VALUES(384,65,100,100,'\u0410\u0440\u0431\u0430\u0442')
INSERT INTO SHOP_PRODUCTS VALUES(385,66,70,70,'\u0410\u0440\u0431\u0430\u0442')
INSERT INTO SHOP_PRODUCTS VALUES(386,67,70,70,'\u0410\u0440\u0431\u0430\u0442')
INSERT INTO SHOP_PRODUCTS VALUES(387,68,70,70,'\u0410\u0440\u0431\u0430\u0442')
INSERT INTO SHOP_PRODUCTS VALUES(388,69,70,70,'\u0410\u0440\u0431\u0430\u0442')
INSERT INTO SHOP_PRODUCTS VALUES(389,70,70,70,'\u0410\u0440\u0431\u0430\u0442')
INSERT INTO SHOP_PRODUCTS VALUES(390,71,70,70,'\u0410\u0440\u0431\u0430\u0442')
INSERT INTO SHOP_PRODUCTS VALUES(391,72,50,50,'\u0410\u0440\u0431\u0430\u0442')
INSERT INTO SHOP_PRODUCTS VALUES(392,73,50,50,'\u0410\u0440\u0431\u0430\u0442')
INSERT INTO SHOP_PRODUCTS VALUES(393,74,50,50,'\u0410\u0440\u0431\u0430\u0442')
INSERT INTO SHOP_PRODUCTS VALUES(394,75,20,20,'\u0410\u0440\u0431\u0430\u0442')
INSERT INTO SHOP_PRODUCTS VALUES(395,76,20,20,'\u0410\u0440\u0431\u0430\u0442')
INSERT INTO SHOP_PRODUCTS VALUES(396,77,20,20,'\u0410\u0440\u0431\u0430\u0442')
INSERT INTO SHOP_PRODUCTS VALUES(397,78,20,20,'\u0410\u0440\u0431\u0430\u0442')
INSERT INTO SHOP_PRODUCTS VALUES(398,79,20,20,'\u0410\u0440\u0431\u0430\u0442')
INSERT INTO SHOP_PRODUCTS VALUES(399,80,10,10,'\u0410\u0440\u0431\u0430\u0442')
COMMIT
DISCONNECT
/*C10*/DISCONNECT
